<?xml version="1.0" encoding="UTF-8"?>
<!-- Generated by org.testng.reporters.JUnitReportReporter -->
<testsuite hostname="CyberLead-Desk" failures="0" tests="1" name="runner.Runner" time="17.402" errors="0" timestamp="2023-09-03T08:29:36 WAT" skipped="0">
  <testcase classname="runner.Runner" name="runScenario" time="17.402"/>
</testsuite> <!-- runner.Runner -->
